<?xml version="1.0" encoding="UTF-8"?>
<!-- Generated by org.testng.reporters.JUnitReportReporter -->
<testsuite hostname="DESKTOP-3RNNDHA" failures="0" tests="4" name="com.mphasis.testing.TestNgDemo.testNg.GroupTestDemo" time="0.027" errors="0" timestamp="2022-03-07T11:48:09 IST" skipped="0">
  <testcase classname="com.mphasis.testing.TestNgDemo.testNg.GroupTestDemo" name="a1" time="0.003"/>
  <system-out/>
  <testcase classname="com.mphasis.testing.TestNgDemo.testNg.GroupTestDemo" name="a2" time="0.002"/>
  <system-out/>
  <testcase classname="com.mphasis.testing.TestNgDemo.testNg.GroupTestDemo" name="f" time="0.006"/>
  <system-out/>
  <testcase classname="com.mphasis.testing.TestNgDemo.testNg.GroupTestDemo" name="a" time="0.016"/>
  <system-out/>
</testsuite> <!-- com.mphasis.testing.TestNgDemo.testNg.GroupTestDemo -->
