<?xml version="1.0" encoding="UTF-8"?>
<!-- Generated by org.testng.reporters.JUnitReportReporter -->
<testsuite hostname="DESKTOP-3RNNDHA" failures="0" tests="2" name="com.mphasis.testing.TestNgDemo.testNg.DepenceOnTest" time="0.015" errors="0" timestamp="2022-03-07T10:09:49 IST" skipped="0">
  <testcase classname="com.mphasis.testing.TestNgDemo.testNg.DepenceOnTest" name="openBrowser" time="0.013"/>
  <system-out/>
  <testcase classname="com.mphasis.testing.TestNgDemo.testNg.DepenceOnTest" name="siginIn" time="0.002"/>
  <system-out/>
</testsuite> <!-- com.mphasis.testing.TestNgDemo.testNg.DepenceOnTest -->
