<?xml version="1.0" encoding="UTF-8"?>
<!-- Generated by org.testng.reporters.JUnitReportReporter -->
<testsuite hostname="DESKTOP-3RNNDHA" failures="0" tests="1" name="com.mphasis.testing.TestNgDemo.testNg.AbstracttestndDemo" time="0.008" errors="0" timestamp="2022-03-07T09:10:13 IST" skipped="0">
  <testcase classname="com.mphasis.testing.TestNgDemo.testNg.AbstracttestndDemo" name="f" time="0.008"/>
  <system-out/>
</testsuite> <!-- com.mphasis.testing.TestNgDemo.testNg.AbstracttestndDemo -->
