<?xml version="1.0" encoding="UTF-8"?>
<!-- Generated by org.testng.reporters.JUnitReportReporter -->
<testsuite hostname="DESKTOP-3RNNDHA" failures="0" tests="4" name="com.mphasis.testing.TestNgDemo.testNg.DataProviderDemo" time="0.015" errors="0" timestamp="2022-03-07T11:48:22 IST" skipped="0">
  <testcase classname="com.mphasis.testing.TestNgDemo.testNg.DataProviderDemo" name="validateLogin" time="0.002"/>
  <system-out/>
  <testcase classname="com.mphasis.testing.TestNgDemo.testNg.DataProviderDemo" name="validateLogin" time="0.002"/>
  <system-out/>
  <testcase classname="com.mphasis.testing.TestNgDemo.testNg.DataProviderDemo" name="validateLogin" time="0.009"/>
  <system-out/>
  <testcase classname="com.mphasis.testing.TestNgDemo.testNg.DataProviderDemo" name="validateLogin" time="0.002"/>
  <system-out/>
</testsuite> <!-- com.mphasis.testing.TestNgDemo.testNg.DataProviderDemo -->
